#
# There is insufficient memory for the Java Runtime Environment to continue.
# Native memory allocation (malloc) failed to allocate 32744 bytes for ChunkPool::allocate
# Possible reasons:
#   The system is out of physical RAM or swap space
#   In 32 bit mode, the process size limit was hit
# Possible solutions:
#   Reduce memory load on the system
#   Increase physical memory or swap space
#   Check if swap backing store is full
#   Use 64 bit Java on a 64 bit OS
#   Decrease Java heap size (-Xmx/-Xms)
#   Decrease number of Java threads
#   Decrease Java thread stack sizes (-Xss)
#   Set larger code cache with -XX:ReservedCodeCacheSize=
# This output file may be truncated or incomplete.
#
#  Out of Memory Error (allocation.cpp:211), pid=4664, tid=11364
#
# JRE version: Java(TM) SE Runtime Environment (7.0_45-b18) (build 1.7.0_45-b18)
# Java VM: Java HotSpot(TM) 64-Bit Server VM (24.45-b08 mixed mode windows-amd64 compressed oops)
# Failed to write core dump. Minidumps are not enabled by default on client versions of Windows
#

---------------  T H R E A D  ---------------

Current thread (0x0000000009a62800):  JavaThread "C2 CompilerThread1" daemon [_thread_in_native, id=11364, stack(0x000000000b320000,0x000000000b420000)]

Stack: [0x000000000b320000,0x000000000b420000]

Current CompileTask:
C2: 515756  411             java.util.concurrent.ConcurrentHashMap::<init> (184 bytes)


---------------  P R O C E S S  ---------------

Java Threads: ( => current thread )
  0x000000000c5a3800 JavaThread "Exec Stream Pumper" daemon [_thread_in_native, id=15248, stack(0x0000000012ec0000,0x0000000012fc0000)]
  0x000000000c5a3000 JavaThread "Exec Stream Pumper" daemon [_thread_in_native, id=9720, stack(0x0000000012280000,0x0000000012380000)]
  0x000000000c5a2000 JavaThread "Exec Default Executor" daemon [_thread_in_native, id=5560, stack(0x0000000012d40000,0x0000000012e40000)]
  0x000000000c5a1800 JavaThread "Exec Stream Pumper" daemon [_thread_in_native, id=10692, stack(0x0000000012c20000,0x0000000012d20000)]
  0x000000000c348800 JavaThread "Exec Stream Pumper" daemon [_thread_in_native, id=6632, stack(0x0000000012af0000,0x0000000012bf0000)]
  0x000000000c348000 JavaThread "Exec Default Executor" daemon [_thread_in_native, id=6496, stack(0x00000000128f0000,0x00000000129f0000)]
  0x000000000c347000 JavaThread "Exec Stream Pumper" daemon [_thread_in_native, id=12956, stack(0x0000000012740000,0x0000000012840000)]
  0x000000000c346800 JavaThread "Exec Stream Pumper" daemon [_thread_in_native, id=13728, stack(0x000000000f0b0000,0x000000000f1b0000)]
  0x000000000c345800 JavaThread "Exec Default Executor" daemon [_thread_in_native, id=5152, stack(0x0000000012530000,0x0000000012630000)]
  0x000000000c345000 JavaThread "Exec Stream Pumper" daemon [_thread_in_native, id=4336, stack(0x00000000123d0000,0x00000000124d0000)]
  0x000000000c344000 JavaThread "Exec Stream Pumper" daemon [_thread_in_native, id=13952, stack(0x0000000012170000,0x0000000012270000)]
  0x000000000c343800 JavaThread "Exec Default Executor" daemon [_thread_in_native, id=13720, stack(0x0000000011f90000,0x0000000012090000)]
  0x000000000c342800 JavaThread "Exec Stream Pumper" daemon [_thread_in_native, id=15708, stack(0x0000000010580000,0x0000000010680000)]
  0x000000000c342000 JavaThread "Exec Stream Pumper" daemon [_thread_in_native, id=12268, stack(0x0000000010d40000,0x0000000010e40000)]
  0x000000000b760800 JavaThread "Exec Default Executor" daemon [_thread_in_native, id=10524, stack(0x0000000010e50000,0x0000000010f50000)]
  0x000000000b75f800 JavaThread "Exec Stream Pumper" daemon [_thread_in_native, id=9952, stack(0x0000000010bd0000,0x0000000010cd0000)]
  0x000000000b75f000 JavaThread "Exec Stream Pumper" daemon [_thread_in_native, id=15052, stack(0x0000000010310000,0x0000000010410000)]
  0x000000000b75e000 JavaThread "Exec Default Executor" daemon [_thread_in_native, id=13660, stack(0x000000000f4b0000,0x000000000f5b0000)]
  0x000000000b75d800 JavaThread "Exec Stream Pumper" daemon [_thread_in_native, id=14552, stack(0x0000000010a60000,0x0000000010b60000)]
  0x000000000b75c800 JavaThread "Exec Stream Pumper" daemon [_thread_in_native, id=13956, stack(0x0000000010910000,0x0000000010a10000)]
  0x000000000b75c000 JavaThread "Exec Default Executor" daemon [_thread_in_native, id=15244, stack(0x00000000107f0000,0x00000000108f0000)]
  0x000000000b75b000 JavaThread "Exec Stream Pumper" daemon [_thread_in_native, id=6804, stack(0x0000000010680000,0x0000000010780000)]
  0x000000000b75a800 JavaThread "Exec Stream Pumper" daemon [_thread_in_native, id=12840, stack(0x0000000010470000,0x0000000010570000)]
  0x000000000b759800 JavaThread "Exec Default Executor" daemon [_thread_in_native, id=13192, stack(0x00000000100d0000,0x00000000101d0000)]
  0x000000000b6c2000 JavaThread "Exec Stream Pumper" daemon [_thread_in_native, id=2484, stack(0x0000000010200000,0x0000000010300000)]
  0x000000000b6c1800 JavaThread "Exec Stream Pumper" daemon [_thread_in_native, id=10424, stack(0x000000000ff90000,0x0000000010090000)]
  0x000000000b6c0800 JavaThread "Exec Default Executor" daemon [_thread_in_native, id=9968, stack(0x000000000fc20000,0x000000000fd20000)]
  0x000000000b6c0000 JavaThread "Exec Stream Pumper" daemon [_thread_in_native, id=7248, stack(0x000000000fda0000,0x000000000fea0000)]
  0x000000000b6bf000 JavaThread "Exec Stream Pumper" daemon [_thread_in_native, id=5340, stack(0x000000000fb00000,0x000000000fc00000)]
  0x000000000b6be800 JavaThread "Exec Default Executor" daemon [_thread_in_native, id=11932, stack(0x000000000f9a0000,0x000000000faa0000)]
  0x000000000b6bd800 JavaThread "Exec Stream Pumper" daemon [_thread_in_native, id=13348, stack(0x000000000f6e0000,0x000000000f7e0000)]
  0x000000000b6bd000 JavaThread "Exec Stream Pumper" daemon [_thread_in_native, id=4784, stack(0x000000000f820000,0x000000000f920000)]
  0x000000000b6bc000 JavaThread "Exec Default Executor" daemon [_thread_in_native, id=2764, stack(0x000000000ec60000,0x000000000ed60000)]
  0x000000000b6bb800 JavaThread "Exec Stream Pumper" daemon [_thread_in_native, id=8152, stack(0x000000000f5b0000,0x000000000f6b0000)]
  0x000000000c49e000 JavaThread "Exec Stream Pumper" daemon [_thread_in_native, id=6524, stack(0x000000000f3a0000,0x000000000f4a0000)]
  0x000000000c49d000 JavaThread "Exec Default Executor" daemon [_thread_in_native, id=648, stack(0x000000000f1d0000,0x000000000f2d0000)]
  0x000000000c49c800 JavaThread "Exec Stream Pumper" daemon [_thread_in_native, id=14872, stack(0x000000000efb0000,0x000000000f0b0000)]
  0x000000000c49b800 JavaThread "Exec Stream Pumper" daemon [_thread_in_native, id=10940, stack(0x000000000e570000,0x000000000e670000)]
  0x000000000c49b000 JavaThread "Exec Default Executor" daemon [_thread_in_native, id=8468, stack(0x000000000edd0000,0x000000000eed0000)]
  0x000000000c49a000 JavaThread "Exec Stream Pumper" daemon [_thread_in_native, id=3964, stack(0x000000000e7a0000,0x000000000e8a0000)]
  0x000000000c499800 JavaThread "Exec Stream Pumper" daemon [_thread_in_native, id=5288, stack(0x000000000dff0000,0x000000000e0f0000)]
  0x000000000c498800 JavaThread "Exec Default Executor" daemon [_thread_in_native, id=15696, stack(0x000000000eb40000,0x000000000ec40000)]
  0x000000000c498000 JavaThread "Exec Stream Pumper" daemon [_thread_in_native, id=12084, stack(0x000000000e690000,0x000000000e790000)]
  0x000000000c497000 JavaThread "Exec Stream Pumper" daemon [_thread_in_native, id=14140, stack(0x000000000e470000,0x000000000e570000)]
  0x000000000c3be000 JavaThread "Exec Default Executor" daemon [_thread_in_native, id=15256, stack(0x000000000e2a0000,0x000000000e3a0000)]
  0x000000000c3bd800 JavaThread "Exec Stream Pumper" daemon [_thread_in_native, id=2336, stack(0x000000000dd70000,0x000000000de70000)]
  0x000000000c3bc800 JavaThread "Exec Stream Pumper" daemon [_thread_in_native, id=13824, stack(0x000000000e110000,0x000000000e210000)]
  0x000000000c3bc000 JavaThread "Exec Default Executor" daemon [_thread_in_native, id=15068, stack(0x000000000deb0000,0x000000000dfb0000)]
  0x000000000c3bb000 JavaThread "Exec Stream Pumper" daemon [_thread_in_native, id=3664, stack(0x000000000da60000,0x000000000db60000)]
  0x000000000c3ba000 JavaThread "Exec Stream Pumper" daemon [_thread_in_native, id=8744, stack(0x000000000db60000,0x000000000dc60000)]
  0x000000000c3b9800 JavaThread "Exec Default Executor" daemon [_thread_in_native, id=10032, stack(0x000000000d900000,0x000000000da00000)]
  0x000000000c3b8800 JavaThread "Exec Stream Pumper" daemon [_thread_in_native, id=3920, stack(0x000000000cd30000,0x000000000ce30000)]
  0x000000000c3b8000 JavaThread "Exec Stream Pumper" daemon [_thread_in_native, id=13128, stack(0x000000000d760000,0x000000000d860000)]
  0x000000000c3b7000 JavaThread "Exec Default Executor" daemon [_thread_in_native, id=8028, stack(0x000000000d620000,0x000000000d720000)]
  0x000000000c2d8000 JavaThread "Forwarding get on session 1f188256-a76c-41da-bc22-25777813e71a to remote" [_thread_in_native, id=7564, stack(0x000000000d510000,0x000000000d610000)]
  0x000000000c2d5800 JavaThread "Forwarding findElement on session 56744165-b0ca-46bf-8795-1f76d749f2d7 to remote" [_thread_in_native, id=12872, stack(0x000000000d2d0000,0x000000000d3d0000)]
  0x000000000c2d1000 JavaThread "Forwarding clickElement on session 581b94c1-f0a5-4641-bb12-a690335ce42e to remote" [_thread_in_native, id=10992, stack(0x000000000c980000,0x000000000ca80000)]
  0x000000000c2ce000 JavaThread "Forwarding clickElement on session 645c5029-bb9a-4458-9a79-bc903c6498ed to remote" [_thread_in_native, id=6708, stack(0x000000000cf70000,0x000000000d070000)]
  0x000000000b7c6000 JavaThread "TestNG" [_thread_blocked, id=12056, stack(0x000000000d1a0000,0x000000000d2a0000)]
  0x000000000b7c5800 JavaThread "Forwarding get on session 6b4a103e-bc86-495c-bdf3-db90e379f908 to remote" [_thread_in_native, id=4016, stack(0x000000000cb20000,0x000000000cc20000)]
  0x000000000b7c2800 JavaThread "TestNG" [_thread_blocked, id=9284, stack(0x000000000d080000,0x000000000d180000)]
  0x000000000b7c2000 JavaThread "Forwarding clickElement on session cbd3371f-f543-4ff8-b0a6-ad3085c18784 to remote" [_thread_in_native, id=14416, stack(0x000000000ce50000,0x000000000cf50000)]
  0x000000000b7c1800 JavaThread "TestNG" [_thread_in_native, id=4996, stack(0x000000000bf30000,0x000000000c030000)]
  0x000000000b7b2000 JavaThread "TestNG" [_thread_blocked, id=6036, stack(0x000000000cc30000,0x000000000cd30000)]
  0x000000000b6b4800 JavaThread "ReaderThread" [_thread_in_native, id=5208, stack(0x000000000c050000,0x000000000c150000)]
  0x0000000009a6c000 JavaThread "Service Thread" daemon [_thread_blocked, id=10336, stack(0x000000000a9e0000,0x000000000aae0000)]
=>0x0000000009a62800 JavaThread "C2 CompilerThread1" daemon [_thread_in_native, id=11364, stack(0x000000000b320000,0x000000000b420000)]
  0x0000000009a4e000 JavaThread "C2 CompilerThread0" daemon [_thread_blocked, id=11332, stack(0x000000000b1d0000,0x000000000b2d0000)]
  0x0000000009a4d000 JavaThread "Attach Listener" daemon [_thread_blocked, id=13420, stack(0x000000000b040000,0x000000000b140000)]
  0x0000000009a46000 JavaThread "Signal Dispatcher" daemon [_thread_blocked, id=12920, stack(0x000000000af30000,0x000000000b030000)]
  0x00000000099f9000 JavaThread "Finalizer" daemon [_thread_blocked, id=15144, stack(0x000000000ad70000,0x000000000ae70000)]
  0x00000000099ee000 JavaThread "Reference Handler" daemon [_thread_blocked, id=13208, stack(0x000000000abc0000,0x000000000acc0000)]
  0x00000000002ee000 JavaThread "main" [_thread_blocked, id=4276, stack(0x00000000023f0000,0x00000000024f0000)]

Other Threads:
  0x00000000099e7800 VMThread [stack: 0x000000000a8e0000,0x000000000a9e0000] [id=16368]
  0x000000000b428800 WatcherThread [stack: 0x000000000b840000,0x000000000b940000] [id=6356]

VM state:not at safepoint (normal execution)

VM Mutex/Monitor currently owned by a thread: None

Heap
 PSYoungGen      total 30208K, used 16369K [0x00000000e0000000, 0x00000000e2500000, 0x0000000100000000)
  eden space 23552K, 47% used [0x00000000e0000000,0x00000000e0ad0608,0x00000000e1700000)
  from space 6656K, 79% used [0x00000000e1e80000,0x00000000e23ac120,0x00000000e2500000)
  to   space 7168K, 0% used [0x00000000e1700000,0x00000000e1700000,0x00000000e1e00000)
 ParOldGen       total 65536K, used 6783K [0x00000000a0000000, 0x00000000a4000000, 0x00000000e0000000)
  object space 65536K, 10% used [0x00000000a0000000,0x00000000a069fd98,0x00000000a4000000)
 PSPermGen       total 21504K, used 16061K [0x000000009ae00000, 0x000000009c300000, 0x00000000a0000000)
  object space 21504K, 74% used [0x000000009ae00000,0x000000009bdaf4b8,0x000000009c300000)

Card table byte_map: [0x00000000054f0000,0x0000000005820000] byte_map_base: 0x0000000005019000

Polling page: 0x0000000000260000

Code Cache  [0x00000000024f0000, 0x0000000002760000, 0x00000000054f0000)
 total_blobs=699 nmethods=389 adapters=263 free_code_cache=47924Kb largest_free_block=49025472

Compilation events (10 events):
Event: 496.706 Thread 0x0000000009a4e000 nmethod 406 0x0000000002623c10 code [0x0000000002623d60, 0x0000000002623fb8]
Event: 498.651 Thread 0x0000000009a62800  407             java.util.logging.Level::intValue (5 bytes)
Event: 498.651 Thread 0x0000000009a62800 nmethod 407 0x0000000002603390 code [0x00000000026034c0, 0x0000000002603518]
Event: 502.766 Thread 0x0000000009a4e000  408             org.apache.http.message.HeaderGroup::getHeaders (103 bytes)
Event: 502.820 Thread 0x0000000009a4e000 nmethod 408 0x0000000002622e50 code [0x0000000002623000, 0x00000000026235e8]
Event: 506.418 Thread 0x0000000009a62800  409   !         java.net.URLEncoder::encode (375 bytes)
Event: 506.495 Thread 0x0000000009a62800 nmethod 409 0x000000000262b9d0 code [0x000000000262bc20, 0x000000000262d8b0]
Event: 506.949 Thread 0x0000000009a4e000  410             com.google.common.collect.Hashing::smear (13 bytes)
Event: 506.950 Thread 0x0000000009a4e000 nmethod 410 0x0000000002624250 code [0x0000000002624380, 0x00000000026243d8]
Event: 515.679 Thread 0x0000000009a62800  411             java.util.concurrent.ConcurrentHashMap::<init> (184 bytes)

GC Heap History (10 events):
Event: 9.635 GC heap before
{Heap before GC invocations=2 (full 0):
 PSYoungGen      total 28672K, used 28642K [0x00000000e0000000, 0x00000000e2000000, 0x0000000100000000)
  eden space 24576K, 100% used [0x00000000e0000000,0x00000000e1800000,0x00000000e1800000)
  from space 4096K, 99% used [0x00000000e1800000,0x00000000e1bf89a8,0x00000000e1c00000)
  to   space 4096K, 0% used [0x00000000e1c00000,0x00000000e1c00000,0x00000000e2000000)
 ParOldGen       total 65536K, used 376K [0x00000000a0000000, 0x00000000a4000000, 0x00000000e0000000)
  object space 65536K, 0% used [0x00000000a0000000,0x00000000a005e178,0x00000000a4000000)
 PSPermGen       total 21504K, used 14922K [0x000000009ae00000, 0x000000009c300000, 0x00000000a0000000)
  object space 21504K, 69% used [0x000000009ae00000,0x000000009bc928c8,0x000000009c300000)
Event: 9.653 GC heap after
Heap after GC invocations=2 (full 0):
 PSYoungGen      total 28672K, used 4064K [0x00000000e0000000, 0x00000000e2000000, 0x0000000100000000)
  eden space 24576K, 0% used [0x00000000e0000000,0x00000000e0000000,0x00000000e1800000)
  from space 4096K, 99% used [0x00000000e1c00000,0x00000000e1ff8060,0x00000000e2000000)
  to   space 4096K, 0% used [0x00000000e1800000,0x00000000e1800000,0x00000000e1c00000)
 ParOldGen       total 65536K, used 3227K [0x00000000a0000000, 0x00000000a4000000, 0x00000000e0000000)
  object space 65536K, 4% used [0x00000000a0000000,0x00000000a0326d80,0x00000000a4000000)
 PSPermGen       total 21504K, used 14922K [0x000000009ae00000, 0x000000009c300000, 0x00000000a0000000)
  object space 21504K, 69% used [0x000000009ae00000,0x000000009bc928c8,0x000000009c300000)
}
Event: 68.498 GC heap before
{Heap before GC invocations=3 (full 0):
 PSYoungGen      total 28672K, used 28640K [0x00000000e0000000, 0x00000000e2000000, 0x0000000100000000)
  eden space 24576K, 100% used [0x00000000e0000000,0x00000000e1800000,0x00000000e1800000)
  from space 4096K, 99% used [0x00000000e1c00000,0x00000000e1ff8060,0x00000000e2000000)
  to   space 4096K, 0% used [0x00000000e1800000,0x00000000e1800000,0x00000000e1c00000)
 ParOldGen       total 65536K, used 3227K [0x00000000a0000000, 0x00000000a4000000, 0x00000000e0000000)
  object space 65536K, 4% used [0x00000000a0000000,0x00000000a0326d80,0x00000000a4000000)
 PSPermGen       total 21504K, used 15524K [0x000000009ae00000, 0x000000009c300000, 0x00000000a0000000)
  object space 21504K, 72% used [0x000000009ae00000,0x000000009bd29200,0x000000009c300000)
Event: 68.520 GC heap after
Heap after GC invocations=3 (full 0):
 PSYoungGen      total 28672K, used 4080K [0x00000000e0000000, 0x00000000e2000000, 0x0000000100000000)
  eden space 24576K, 0% used [0x00000000e0000000,0x00000000e0000000,0x00000000e1800000)
  from space 4096K, 99% used [0x00000000e1800000,0x00000000e1bfc0a0,0x00000000e1c00000)
  to   space 4096K, 0% used [0x00000000e1c00000,0x00000000e1c00000,0x00000000e2000000)
 ParOldGen       total 65536K, used 5073K [0x00000000a0000000, 0x00000000a4000000, 0x00000000e0000000)
  object space 65536K, 7% used [0x00000000a0000000,0x00000000a04f4590,0x00000000a4000000)
 PSPermGen       total 21504K, used 15524K [0x000000009ae00000, 0x000000009c300000, 0x00000000a0000000)
  object space 21504K, 72% used [0x000000009ae00000,0x000000009bd29200,0x000000009c300000)
}
Event: 211.195 GC heap before
{Heap before GC invocations=4 (full 0):
 PSYoungGen      total 28672K, used 28656K [0x00000000e0000000, 0x00000000e2000000, 0x0000000100000000)
  eden space 24576K, 100% used [0x00000000e0000000,0x00000000e1800000,0x00000000e1800000)
  from space 4096K, 99% used [0x00000000e1800000,0x00000000e1bfc0a0,0x00000000e1c00000)
  to   space 4096K, 0% used [0x00000000e1c00000,0x00000000e1c00000,0x00000000e2000000)
 ParOldGen       total 65536K, used 5073K [0x00000000a0000000, 0x00000000a4000000, 0x00000000e0000000)
  object space 65536K, 7% used [0x00000000a0000000,0x00000000a04f4590,0x00000000a4000000)
 PSPermGen       total 21504K, used 15594K [0x000000009ae00000, 0x000000009c300000, 0x00000000a0000000)
  object space 21504K, 72% used [0x000000009ae00000,0x000000009bd3a848,0x000000009c300000)
Event: 211.209 GC heap after
Heap after GC invocations=4 (full 0):
 PSYoungGen      total 28672K, used 4080K [0x00000000e0000000, 0x00000000e2000000, 0x0000000100000000)
  eden space 24576K, 0% used [0x00000000e0000000,0x00000000e0000000,0x00000000e1800000)
  from space 4096K, 99% used [0x00000000e1c00000,0x00000000e1ffc0b0,0x00000000e2000000)
  to   space 4096K, 0% used [0x00000000e1800000,0x00000000e1800000,0x00000000e1c00000)
 ParOldGen       total 65536K, used 5917K [0x00000000a0000000, 0x00000000a4000000, 0x00000000e0000000)
  object space 65536K, 9% used [0x00000000a0000000,0x00000000a05c7650,0x00000000a4000000)
 PSPermGen       total 21504K, used 15594K [0x000000009ae00000, 0x000000009c300000, 0x00000000a0000000)
  object space 21504K, 72% used [0x000000009ae00000,0x000000009bd3a848,0x000000009c300000)
}
Event: 419.288 GC heap before
{Heap before GC invocations=5 (full 0):
 PSYoungGen      total 28672K, used 28656K [0x00000000e0000000, 0x00000000e2000000, 0x0000000100000000)
  eden space 24576K, 100% used [0x00000000e0000000,0x00000000e1800000,0x00000000e1800000)
  from space 4096K, 99% used [0x00000000e1c00000,0x00000000e1ffc0b0,0x00000000e2000000)
  to   space 4096K, 0% used [0x00000000e1800000,0x00000000e1800000,0x00000000e1c00000)
 ParOldGen       total 65536K, used 5917K [0x00000000a0000000, 0x00000000a4000000, 0x00000000e0000000)
  object space 65536K, 9% used [0x00000000a0000000,0x00000000a05c7650,0x00000000a4000000)
 PSPermGen       total 21504K, used 15990K [0x000000009ae00000, 0x000000009c300000, 0x00000000a0000000)
  object space 21504K, 74% used [0x000000009ae00000,0x000000009bd9dbf8,0x000000009c300000)
Event: 419.315 GC heap after
Heap after GC invocations=5 (full 0):
 PSYoungGen      total 28160K, used 4064K [0x00000000e0000000, 0x00000000e2580000, 0x0000000100000000)
  eden space 24064K, 0% used [0x00000000e0000000,0x00000000e0000000,0x00000000e1780000)
  from space 4096K, 99% used [0x00000000e1800000,0x00000000e1bf80b0,0x00000000e1c00000)
  to   space 7168K, 0% used [0x00000000e1e80000,0x00000000e1e80000,0x00000000e2580000)
 ParOldGen       total 65536K, used 6783K [0x00000000a0000000, 0x00000000a4000000, 0x00000000e0000000)
  object space 65536K, 10% used [0x00000000a0000000,0x00000000a069fd98,0x00000000a4000000)
 PSPermGen       total 21504K, used 15990K [0x000000009ae00000, 0x000000009c300000, 0x00000000a0000000)
  object space 21504K, 74% used [0x000000009ae00000,0x000000009bd9dbf8,0x000000009c300000)
}
Event: 480.637 GC heap before
{Heap before GC invocations=6 (full 0):
 PSYoungGen      total 28160K, used 28128K [0x00000000e0000000, 0x00000000e2580000, 0x0000000100000000)
  eden space 24064K, 100% used [0x00000000e0000000,0x00000000e1780000,0x00000000e1780000)
  from space 4096K, 99% used [0x00000000e1800000,0x00000000e1bf80b0,0x00000000e1c00000)
  to   space 7168K, 0% used [0x00000000e1e80000,0x00000000e1e80000,0x00000000e2580000)
 ParOldGen       total 65536K, used 6783K [0x00000000a0000000, 0x00000000a4000000, 0x00000000e0000000)
  object space 65536K, 10% used [0x00000000a0000000,0x00000000a069fd98,0x00000000a4000000)
 PSPermGen       total 21504K, used 16036K [0x000000009ae00000, 0x000000009c300000, 0x00000000a0000000)
  object space 21504K, 74% used [0x000000009ae00000,0x000000009bda9020,0x000000009c300000)
Event: 480.659 GC heap after
Heap after GC invocations=6 (full 0):
 PSYoungGen      total 30208K, used 5296K [0x00000000e0000000, 0x00000000e2500000, 0x0000000100000000)
  eden space 23552K, 0% used [0x00000000e0000000,0x00000000e0000000,0x00000000e1700000)
  from space 6656K, 79% used [0x00000000e1e80000,0x00000000e23ac120,0x00000000e2500000)
  to   space 7168K, 0% used [0x00000000e1700000,0x00000000e1700000,0x00000000e1e00000)
 ParOldGen       total 65536K, used 6783K [0x00000000a0000000, 0x00000000a4000000, 0x00000000e0000000)
  object space 65536K, 10% used [0x00000000a0000000,0x00000000a069fd98,0x00000000a4000000)
 PSPermGen       total 21504K, used 16036K [0x000000009ae00000, 0x000000009c300000, 0x00000000a0000000)
  object space 21504K, 74% used [0x000000009ae00000,0x000000009bda9020,0x000000009c300000)
}

Deoptimization events (10 events):
Event: 406.641 Thread 0x000000000c2d1000 Uncommon trap: reason=class_check action=maybe_recompile pc=0x000000000257fa04 method=java.util.concurrent.locks.AbstractQueuedSynchronizer.release(I)Z @ 2
Event: 406.641 Thread 0x000000000c2d5800 Uncommon trap: reason=class_check action=maybe_recompile pc=0x000000000257fa04 method=java.util.concurrent.locks.AbstractQueuedSynchronizer.release(I)Z @ 2
Event: 407.838 Thread 0x000000000b7c6000 Uncommon trap: reason=class_check action=maybe_recompile pc=0x00000000025e94a8 method=java.util.regex.Pattern$CharProperty.match(Ljava/util/regex/Matcher;ILjava/lang/CharSequence;)Z @ 18
Event: 407.838 Thread 0x000000000b7c6000 Uncommon trap: reason=class_check action=maybe_recompile pc=0x00000000025e94a8 method=java.util.regex.Pattern$CharProperty.match(Ljava/util/regex/Matcher;ILjava/lang/CharSequence;)Z @ 18
Event: 407.838 Thread 0x000000000b7c6000 Uncommon trap: reason=class_check action=maybe_recompile pc=0x00000000025e94a8 method=java.util.regex.Pattern$CharProperty.match(Ljava/util/regex/Matcher;ILjava/lang/CharSequence;)Z @ 18
Event: 407.838 Thread 0x000000000b7c6000 Uncommon trap: reason=class_check action=maybe_recompile pc=0x00000000025e94a8 method=java.util.regex.Pattern$CharProperty.match(Ljava/util/regex/Matcher;ILjava/lang/CharSequence;)Z @ 18
Event: 407.957 Thread 0x000000000b7c6000 Uncommon trap: reason=class_check action=maybe_recompile pc=0x000000000257fa04 method=java.util.concurrent.locks.AbstractQueuedSynchronizer.release(I)Z @ 2
Event: 413.477 Thread 0x000000000b7c5800 Uncommon trap: reason=class_check action=maybe_recompile pc=0x00000000025d621c method=java.util.HashMap.put(Ljava/lang/Object;Ljava/lang/Object;)Ljava/lang/Object; @ 105
Event: 413.611 Thread 0x000000000b7c5800 Uncommon trap: reason=class_check action=maybe_recompile pc=0x000000000257fa04 method=java.util.concurrent.locks.AbstractQueuedSynchronizer.release(I)Z @ 2
Event: 420.027 Thread 0x000000000c2d8000 Uncommon trap: reason=class_check action=maybe_recompile pc=0x00000000025d621c method=java.util.HashMap.put(Ljava/lang/Object;Ljava/lang/Object;)Ljava/lang/Object; @ 105

Internal exceptions (10 events):
Event: 511.554 Thread 0x000000000b7b2000 Threw 0x00000000e0467ff8 at C:\re\jdk7u45\229\hotspot\src\share\vm\prims\jni.cpp:743
Event: 511.583 Thread 0x000000000b7c1800 Threw 0x00000000e08b4740 at C:\re\jdk7u45\229\hotspot\src\share\vm\prims\jni.cpp:743
Event: 512.485 Thread 0x000000000b7b2000 Threw 0x00000000e0468280 at C:\re\jdk7u45\229\hotspot\src\share\vm\prims\jni.cpp:743
Event: 512.520 Thread 0x000000000b7b2000 Threw 0x00000000e0468508 at C:\re\jdk7u45\229\hotspot\src\share\vm\prims\jni.cpp:743
Event: 512.763 Thread 0x000000000b7b2000 Threw 0x00000000e0468790 at C:\re\jdk7u45\229\hotspot\src\share\vm\prims\jni.cpp:743
Event: 512.769 Thread 0x000000000b7c1800 Threw 0x00000000e08b5bf0 at C:\re\jdk7u45\229\hotspot\src\share\vm\prims\jni.cpp:743
Event: 513.144 Thread 0x000000000b7b2000 Threw 0x00000000e0468a18 at C:\re\jdk7u45\229\hotspot\src\share\vm\prims\jni.cpp:743
Event: 513.874 Thread 0x000000000b7c1800 Threw 0x00000000e08b70a0 at C:\re\jdk7u45\229\hotspot\src\share\vm\prims\jni.cpp:743
Event: 514.978 Thread 0x000000000b7b2000 Threw 0x00000000e0468ca0 at C:\re\jdk7u45\229\hotspot\src\share\vm\prims\jni.cpp:743
Event: 515.006 Thread 0x000000000b7c1800 Threw 0x00000000e08b8550 at C:\re\jdk7u45\229\hotspot\src\share\vm\prims\jni.cpp:743

Events (10 events):
Event: 480.999 Executing VM operation: RevokeBias done
Event: 481.066 Thread 0x000000000c348800 Thread added: 0x000000000c348800
Event: 481.066 Thread 0x000000000c5a1800 Thread added: 0x000000000c5a1800
Event: 493.396 Executing VM operation: RevokeBias
Event: 493.396 Executing VM operation: RevokeBias done
Event: 496.702 Thread 0x000000000c5a2000 Thread added: 0x000000000c5a2000
Event: 496.706 Executing VM operation: RevokeBias
Event: 496.706 Executing VM operation: RevokeBias done
Event: 500.111 Thread 0x000000000c5a3000 Thread added: 0x000000000c5a3000
Event: 500.111 Thread 0x000000000c5a3800 Thread added: 0x000000000c5a3800


Dynamic libraries:
0x000000013fdd0000 - 0x000000013fe03000 	S:\PEGA\PAF_QA\Automation\eclipse-jee-mars-2-win32-x86_64\eclipse\jre\bin\javaw.exe
0x0000000077640000 - 0x00000000777e9000 	C:\Windows\SYSTEM32\ntdll.dll
0x0000000077420000 - 0x000000007753f000 	C:\Windows\system32\kernel32.dll
0x000007fefd570000 - 0x000007fefd5dc000 	C:\Windows\system32\KERNELBASE.dll
0x00000000751a0000 - 0x0000000075227000 	C:\Windows\System32\SYSFER.DLL
0x000007feff840000 - 0x000007feff91b000 	C:\Windows\system32\ADVAPI32.dll
0x000007fefdad0000 - 0x000007fefdb6f000 	C:\Windows\system32\msvcrt.dll
0x000007fefddb0000 - 0x000007fefddcf000 	C:\Windows\SYSTEM32\sechost.dll
0x000007fefddd0000 - 0x000007fefdefd000 	C:\Windows\system32\RPCRT4.dll
0x0000000077540000 - 0x000000007763a000 	C:\Windows\system32\USER32.dll
0x000007feff620000 - 0x000007feff687000 	C:\Windows\system32\GDI32.dll
0x000007feff920000 - 0x000007feff92e000 	C:\Windows\system32\LPK.dll
0x000007fefdf00000 - 0x000007fefdfc9000 	C:\Windows\system32\USP10.dll
0x000007fefb6c0000 - 0x000007fefb8b4000 	C:\Windows\WinSxS\amd64_microsoft.windows.common-controls_6595b64144ccf1df_6.0.7601.17514_none_fa396087175ac9ac\COMCTL32.dll
0x000007feff570000 - 0x000007feff5e1000 	C:\Windows\system32\SHLWAPI.dll
0x000007feff5f0000 - 0x000007feff61e000 	C:\Windows\system32\IMM32.DLL
0x000007fefe0c0000 - 0x000007fefe1c9000 	C:\Windows\system32\MSCTF.dll
0x0000000180000000 - 0x0000000180010000 	C:\Windows\system32\DAinit.dll
0x000000006e380000 - 0x000000006e452000 	S:\PEGA\PAF_QA\Automation\eclipse-jee-mars-2-win32-x86_64\eclipse\jre\bin\msvcr100.dll
0x0000000057870000 - 0x0000000058039000 	S:\PEGA\PAF_QA\Automation\eclipse-jee-mars-2-win32-x86_64\eclipse\jre\bin\server\jvm.dll
0x000007fefa110000 - 0x000007fefa119000 	C:\Windows\system32\WSOCK32.dll
0x000007feff690000 - 0x000007feff6dd000 	C:\Windows\system32\WS2_32.dll
0x000007fefdfd0000 - 0x000007fefdfd8000 	C:\Windows\system32\NSI.dll
0x000007fefafe0000 - 0x000007fefb01b000 	C:\Windows\system32\WINMM.dll
0x0000000077810000 - 0x0000000077817000 	C:\Windows\system32\PSAPI.DLL
0x00000000744f0000 - 0x00000000744ff000 	S:\PEGA\PAF_QA\Automation\eclipse-jee-mars-2-win32-x86_64\eclipse\jre\bin\verify.dll
0x00000000744c0000 - 0x00000000744e8000 	S:\PEGA\PAF_QA\Automation\eclipse-jee-mars-2-win32-x86_64\eclipse\jre\bin\java.dll
0x000000006f610000 - 0x000000006f625000 	S:\PEGA\PAF_QA\Automation\eclipse-jee-mars-2-win32-x86_64\eclipse\jre\bin\zip.dll
0x000000006f590000 - 0x000000006f5a9000 	S:\PEGA\PAF_QA\Automation\eclipse-jee-mars-2-win32-x86_64\eclipse\jre\bin\net.dll
0x000007fefcc60000 - 0x000007fefccb5000 	C:\Windows\system32\mswsock.dll
0x000007fefcc50000 - 0x000007fefcc57000 	C:\Windows\System32\wship6.dll
0x000007fefc610000 - 0x000007fefc617000 	C:\Windows\System32\wshtcpip.dll
0x000007fefcae0000 - 0x000007fefcb3b000 	C:\Windows\system32\DNSAPI.dll
0x000000005cb10000 - 0x000000005cb36000 	C:\Program Files\Bonjour\mdnsNSP.dll
0x000007fefafb0000 - 0x000007fefafd7000 	C:\Windows\system32\Iphlpapi.DLL
0x000007fefacd0000 - 0x000007fefacdb000 	C:\Windows\system32\WINNSI.DLL
0x000007fefa680000 - 0x000007fefa688000 	C:\Windows\system32\rasadhlp.dll
0x000007fefab70000 - 0x000007fefabc3000 	C:\Windows\System32\fwpuclnt.dll
0x000007fefccc0000 - 0x000007fefccd7000 	C:\Windows\system32\CRYPTSP.dll
0x000007fefc9c0000 - 0x000007fefca07000 	C:\Windows\system32\rsaenh.dll
0x000007fefc730000 - 0x000007fefc74e000 	C:\Windows\system32\USERENV.dll
0x000007fefd430000 - 0x000007fefd43f000 	C:\Windows\system32\profapi.dll
0x000007fefd3c0000 - 0x000007fefd3cf000 	C:\Windows\system32\CRYPTBASE.dll
0x000007fefbda0000 - 0x000007fefbdb5000 	C:\Windows\system32\NLAapi.dll
0x000007fefa310000 - 0x000007fefa325000 	C:\Windows\system32\napinsp.dll
0x000007fefa600000 - 0x000007fefa619000 	C:\Windows\system32\pnrpnsp.dll
0x000007fefa5f0000 - 0x000007fefa5fb000 	C:\Windows\System32\winrnr.dll
0x000000006f000000 - 0x000000006f011000 	S:\PEGA\PAF_QA\Automation\eclipse-jee-mars-2-win32-x86_64\eclipse\jre\bin\nio.dll
0x000007fefab00000 - 0x000007fefab11000 	C:\Windows\system32\dhcpcsvc6.DLL
0x000007fefaae0000 - 0x000007fefaaf8000 	C:\Windows\system32\dhcpcsvc.DLL
0x00000000678e0000 - 0x0000000067904000 	S:\PEGA\PAF_QA\Automation\eclipse-jee-mars-2-win32-x86_64\eclipse\jre\bin\sunec.dll
0x00000000744b0000 - 0x00000000744bb000 	S:\PEGA\PAF_QA\Automation\eclipse-jee-mars-2-win32-x86_64\eclipse\jre\bin\sunmscapi.dll
0x000007fefd630000 - 0x000007fefd79c000 	C:\Windows\system32\CRYPT32.dll
0x000007fefd490000 - 0x000007fefd49f000 	C:\Windows\system32\MSASN1.dll
0x000007fefd360000 - 0x000007fefd3b7000 	C:\Windows\system32\apphelp.dll

VM Arguments:
jvm_args: -ea -Dfile.encoding=Cp1252 
java_command: org.testng.remote.RemoteTestNG -serport 50365 -d S:\PEGA\PAF_QA\Automation\PAF\PAF_Workspace\test-output S:\PEGA\PAF_QA\Automation\PAF\PAF_Workspace\loadtesting_ 50users.xml
Launcher Type: SUN_STANDARD

Environment Variables:
PATH=S:/PEGA/PAF_QA/Automation/eclipse-jee-mars-2-win32-x86_64/eclipse/jre/bin/server;S:/PEGA/PAF_QA/Automation/eclipse-jee-mars-2-win32-x86_64/eclipse/jre/bin;S:/PEGA/PAF_QA/Automation/eclipse-jee-mars-2-win32-x86_64/eclipse/jre/lib/amd64;C:\Windows\system32;C:\Windows;C:\Windows\System32\Wbem;C:\Windows\System32\WindowsPowerShell\v1.0\;C:\Program Files (x86)\Microsoft SQL Server\100\Tools\Binn\VSShell\Common7\IDE\;C:\Program Files (x86)\Microsoft SQL Server\100\Tools\Binn\;C:\Program Files\Microsoft SQL Server\100\Tools\Binn\;C:\Program Files (x86)\Microsoft SQL Server\100\DTS\Binn\;C:\Program Files (x86)\Microsoft Visual Studio 9.0\Common7\IDE\PrivateAssemblies\;C:\Program Files (x86)\Bitvise SSH Client;S:\PEGA\PAF_QA\Automation\eclipse-jee-mars-2-win32-x86_64\eclipse;
USERNAME=PAF826
OS=Windows_NT
PROCESSOR_IDENTIFIER=Intel64 Family 6 Model 26 Stepping 5, GenuineIntel



---------------  S Y S T E M  ---------------

OS: Windows 7 , 64 bit Build 7601 Service Pack 1

CPU:total 4 (2 cores per cpu, 1 threads per core) family 6 model 26 stepping 5, cmov, cx8, fxsr, mmx, sse, sse2, sse3, ssse3, sse4.1, sse4.2, popcnt, tsc, tscinvbit, tscinv

Memory: 4k page, physical 6291000k(211080k free), swap 10483440k(1372k free)

vm_info: Java HotSpot(TM) 64-Bit Server VM (24.45-b08) for windows-amd64 JRE (1.7.0_45-b18), built on Oct  8 2013 05:47:22 by "java_re" with unknown MS VC++:1600

time: Mon Jun 13 16:47:16 2016
elapsed time: 515 seconds

